1
3
5
7
9
11
13
15
17
19
31
33
35
37
39
51
53
55
57
59
71
73
75
77
79
91
93
95
97
99
111
113
115
117
119
131
133
135
137
139
151
153
155
157
159
171
173
175
177
179
191
193
195
197
199
211
213
215
217
219
231
233
235
237
239
251
253
255
257
259
271
273
275
277
279
291
293
295
297
299
311
313
315
317
319
331
333
335
337
339
351
353
355
357
359
371
373
375
377
379
391
393
395
397
399
411
413
415
417
419
431
433
435
437
439
451
453
455
457
459
471
473
475
477
479
491
493
495
497
499
511
513
515
517
519
531
533
535
537
539
551
553
555
557
559
571
573
575
577
579
591
593
595
597
599
611
613
615
617
619
631
633
635
637
639
651
653
655
657
659
671
673
675
677
679
691
693
695
697
699
711
713
715
717
719
731
733
735
737
739
751
753
755
757
759
771
773
775
777
779
791
793
795
797
799
811
813
815
817
819
831
833
835
837
839
851
853
855
857
859
871
873
875
877
879
891
893
895
897
899
911
913
915
917
919
931
933
935
937
939
951
953
955
957
959
971
973
975
977
979
991
993
995
997
999
1011
1013
1015
1017
1019
1031
1033
1035
1037
1039
1051
1053
1055
1057
1059
1071
1073
1075
1077
1079
1091
1093
1095
1097
1099
1111
1113
1115
1117
1119
1131
1133
1135
1137
1139
1151
1153
1155
1157
1159
1171
1173
1175
1177
1179
1191
1193
1195
1197
1199
1211
1213
1215
1217
1219
1231
1233
1235
1237
1239
1251
1253
1255
1257
1259
1271
1273
1275
1277
1279
1291
1293
1295
1297
1299
1311
1313
1315
1317
1319
1331
1333
1335
1337
1339
1351
1353
1355
1357
1359
1371
1373
1375
1377
1379
1391
1393
1395
1397
1399
1411
1413
1415
1417
1419
1431
1433
1435
1437
1439
1451
1453
1455
1457
1459
1471
1473
1475
1477
1479
1491
1493
1495
1497
1499
1511
1513
1515
1517
1519
1531
1533
1535
1537
1539
1551
1553
1555
1557
1559
1571
1573
1575
1577
1579
1591
1593
1595
1597
1599
1611
1613
1615
1617
1619
1631
1633
1635
1637
1639
1651
1653
1655
1657
1659
1671
1673
1675
1677
1679
1691
1693
1695
1697
1699
1711
1713
1715
1717
1719
1731
1733
1735
1737
1739
1751
1753
1755
1757
1759
1771
1773
1775
1777
1779
1791
1793
1795
1797
1799
1811
1813
1815
1817
1819
1831
1833
1835
1837
1839
1851
1853
1855
1857
1859
1871
1873
1875
1877
1879
1891
1893
1895
1897
1899
1911
1913
1915
1917
1919
1931
1933
1935
1937
1939
1951
1953
1955
1957
1959
1971
1973
1975
1977
1979
1991
1993
1995
1997
1999
2011
2013
2015
2017
2019
2031
2033
2035
2037
2039
2051
2053
2055
2057
2059
2071
2073
2075
2077
2079
2091
2093
2095
2097
2099
2111
2113
2115
2117
2119
2131
2133
2135
2137
2139
2151
2153
2155
2157
2159
2171
2173
2175
2177
2179
2191
2193
2195
2197
2199
2211
2213
2215
2217
2219
2231
2233
2235
2237
2239
2251
2253
2255
2257
2259
2271
2273
2275
2277
2279
2291
2293
2295
2297
2299
2311
2313
2315
2317
2319
2331
2333
2335
2337
2339
2351
2353
2355
2357
2359
2371
2373
2375
2377
2379
2391
2393
2395
2397
2399
2411
2413
2415
2417
2419
2431
2433
2435
2437
2439
2451
2453
2455
2457
2459
2471
2473
2475
2477
2479
2491
2493
2495
2497
2499
2511
2513
2515
2517
2519
2531
2533
2535
2537
2539
2551
2553
2555
2557
2559
2571
2573
2575
2577
2579
2591
2593
2595
2597
2599
2611
2613
2615
2617
2619
2631
2633
2635
2637
2639
2651
2653
2655
2657
2659
2671
2673
2675
2677
2679
2691
2693
2695
2697
2699
2711
2713
2715
2717
2719
2731
2733
2735
2737
2739
2751
2753
2755
2757
2759
2771
2773
2775
2777
2779
2791
2793
2795
2797
2799
2811
2813
2815
2817
2819
2831
2833
2835
2837
2839
2851
2853
2855
2857
2859
2871
2873
2875
2877
2879
2891
2893
2895
2897
2899
2911
2913
2915
2917
2919
2931
2933
2935
2937
2939
2951
2953
2955
2957
2959
2971
2973
2975
2977
2979
2991
2993
2995
2997
2999
3011
3013
3015
3017
3019
3031
3033
3035
3037
3039
3051
3053
3055
3057
3059
3071
3073
3075
3077
3079
3091
3093
3095
3097
3099
3111
3113
3115
3117
3119
3131
3133
3135
3137
3139
3151
3153
3155
3157
3159
3171
3173
3175
3177
3179
3191
3193
3195
3197
3199
3211
3213
3215
3217
3219
3231
3233
3235
3237
3239
3251
3253
3255
3257
3259
3271
3273
3275
3277
3279
3291
3293
3295
3297
3299
3311
3313
3315
3317
3319
3331
3333
3335
3337
3339
3351
3353
3355
3357
3359
3371
3373
3375
3377
3379
3391
3393
3395
3397
3399
3411
3413
3415
3417
3419
3431
3433
3435
3437
3439
3451
3453
3455
3457
3459
3471
3473
3475
3477
3479
3491
3493
3495
3497
3499
3511
3513
3515
3517
3519
3531
3533
3535
3537
3539
3551
3553
3555
3557
3559
3571
3573
3575
3577
3579
3591
3593
3595
3597
3599
3611
3613
3615
3617
3619
3631
3633
3635
3637
3639
3651
3653
3655
3657
3659
3671
3673
3675
3677
3679
3691
3693
3695
3697
3699
3711
3713
3715
3717
3719
3731
3733
3735
3737
3739
3751
3753
3755
3757
3759
3771
3773
3775
3777
3779
3791
3793
3795
3797
3799
3811
3813
3815
3817
3819
3831
3833
3835
3837
3839
3851
3853
3855
3857
3859
3871
3873
3875
3877
3879
3891
3893
3895
3897
3899
3911
3913
3915
3917
3919
3931
3933
3935
3937
3939
3951
3953
3955
3957
3959
3971
3973
3975
3977
3979
